<?xml version="1.0" encoding="UTF-8"?>
<!-- Generated by org.testng.reporters.JUnitXMLReporter -->
<testsuite ignored="0" hostname="ammars-macbook-pro.home" failures="0" tests="4" name="Default test" time="0.807" errors="0" timestamp="2025-09-17T12:35:32 EET">
  <testcase classname="Automation.DataTestCases" name="CreateData" time="0.016"/>
  <testcase classname="Automation.DataTestCases" name="DeleteData" time="0.002"/>
  <testcase classname="Automation.DataTestCases" name="ReadData" time="0.002"/>
  <testcase classname="Automation.DataTestCases" name="UpdateData" time="0.001"/>
</testsuite> <!-- Default test -->
